<?xml version="1.0" encoding="UTF-8"?>
<testng-results skipped="0" failed="0" ignored="0" total="2" passed="2">
  <reporter-output>
  </reporter-output>
  <suite name="Default suite" duration-ms="15748" started-at="2020-01-20T09:31:37 PST" finished-at="2020-01-20T09:31:53 PST">
    <groups>
    </groups>
    <test name="Default test" duration-ms="15748" started-at="2020-01-20T09:31:37 PST" finished-at="2020-01-20T09:31:53 PST">
      <class name="testNG.GoogleTest">
        <test-method status="PASS" signature="setup()[pri:0, instance:testNG.GoogleTest@551aa95a]" name="setup" is-config="true" duration-ms="7528" started-at="2020-01-20T09:31:37 PST" finished-at="2020-01-20T09:31:44 PST">
          <reporter-output>
          </reporter-output>
        </test-method> <!-- setup -->
        <test-method status="PASS" signature="GoogleTitle()[pri:1, instance:testNG.GoogleTest@551aa95a]" name="GoogleTitle" duration-ms="22" started-at="2020-01-20T09:31:44 PST" finished-at="2020-01-20T09:31:44 PST">
          <reporter-output>
          </reporter-output>
        </test-method> <!-- GoogleTitle -->
        <test-method status="PASS" signature="teardown()[pri:0, instance:testNG.GoogleTest@551aa95a]" name="teardown" is-config="true" duration-ms="1180" started-at="2020-01-20T09:31:44 PST" finished-at="2020-01-20T09:31:46 PST">
          <reporter-output>
          </reporter-output>
        </test-method> <!-- teardown -->
        <test-method status="PASS" signature="setup()[pri:0, instance:testNG.GoogleTest@551aa95a]" name="setup" is-config="true" duration-ms="5942" started-at="2020-01-20T09:31:46 PST" finished-at="2020-01-20T09:31:52 PST">
          <reporter-output>
          </reporter-output>
        </test-method> <!-- setup -->
        <test-method status="PASS" signature="GoogleLogo()[pri:2, instance:testNG.GoogleTest@551aa95a]" name="GoogleLogo" duration-ms="121" started-at="2020-01-20T09:31:52 PST" finished-at="2020-01-20T09:31:52 PST">
          <reporter-output>
          </reporter-output>
        </test-method> <!-- GoogleLogo -->
        <test-method status="PASS" signature="teardown()[pri:0, instance:testNG.GoogleTest@551aa95a]" name="teardown" is-config="true" duration-ms="884" started-at="2020-01-20T09:31:52 PST" finished-at="2020-01-20T09:31:53 PST">
          <reporter-output>
          </reporter-output>
        </test-method> <!-- teardown -->
      </class> <!-- testNG.GoogleTest -->
    </test> <!-- Default test -->
  </suite> <!-- Default suite -->
</testng-results>
